<?xml version="1.0" encoding="UTF-8"?>
<testsuite xmlns:xsi="http://www.w3.org/2001/XMLSchema-instance" xsi:noNamespaceSchemaLocation="https://maven.apache.org/surefire/maven-surefire-plugin/xsd/surefire-test-report-3.0.xsd" version="3.0" name="cortelliscucumber.RunCucumberTest" time="16.436" tests="1" errors="0" skipped="0" failures="1">
  <properties>
    <property name="gopherProxySet" value="false"/>
    <property name="awt.toolkit" value="sun.lwawt.macosx.LWCToolkit"/>
    <property name="java.specification.version" value="11"/>
    <property name="sun.cpu.isalist" value=""/>
    <property name="sun.jnu.encoding" value="UTF-8"/>
    <property name="java.class.path" value="/Users/pomares/Proyectos/cortelliscucumber/target/test-classes:/Users/pomares/Proyectos/cortelliscucumber/target/classes:/Users/pomares/.m2/repository/io/cucumber/cucumber-java/7.5.0/cucumber-java-7.5.0.jar:/Users/pomares/.m2/repository/io/cucumber/cucumber-core/7.5.0/cucumber-core-7.5.0.jar:/Users/pomares/.m2/repository/io/cucumber/cucumber-gherkin/7.5.0/cucumber-gherkin-7.5.0.jar:/Users/pomares/.m2/repository/io/cucumber/cucumber-gherkin-messages/7.5.0/cucumber-gherkin-messages-7.5.0.jar:/Users/pomares/.m2/repository/io/cucumber/gherkin/23.0.1/gherkin-23.0.1.jar:/Users/pomares/.m2/repository/io/cucumber/messages/18.0.0/messages-18.0.0.jar:/Users/pomares/.m2/repository/io/cucumber/tag-expressions/4.1.0/tag-expressions-4.1.0.jar:/Users/pomares/.m2/repository/io/cucumber/cucumber-expressions/16.0.0/cucumber-expressions-16.0.0.jar:/Users/pomares/.m2/repository/io/cucumber/datatable/7.5.0/datatable-7.5.0.jar:/Users/pomares/.m2/repository/io/cucumber/cucumber-plugin/7.5.0/cucumber-plugin-7.5.0.jar:/Users/pomares/.m2/repository/io/cucumber/docstring/7.5.0/docstring-7.5.0.jar:/Users/pomares/.m2/repository/io/cucumber/html-formatter/19.2.0/html-formatter-19.2.0.jar:/Users/pomares/.m2/repository/io/cucumber/ci-environment/9.1.0/ci-environment-9.1.0.jar:/Users/pomares/.m2/repository/org/apiguardian/apiguardian-api/1.1.2/apiguardian-api-1.1.2.jar:/Users/pomares/.m2/repository/io/cucumber/cucumber-junit-platform-engine/7.5.0/cucumber-junit-platform-engine-7.5.0.jar:/Users/pomares/.m2/repository/org/junit/platform/junit-platform-engine/1.9.0/junit-platform-engine-1.9.0.jar:/Users/pomares/.m2/repository/org/opentest4j/opentest4j/1.2.0/opentest4j-1.2.0.jar:/Users/pomares/.m2/repository/org/junit/platform/junit-platform-commons/1.9.0/junit-platform-commons-1.9.0.jar:/Users/pomares/.m2/repository/org/junit/platform/junit-platform-suite/1.9.0/junit-platform-suite-1.9.0.jar:/Users/pomares/.m2/repository/org/junit/platform/junit-platform-suite-api/1.9.0/junit-platform-suite-api-1.9.0.jar:/Users/pomares/.m2/repository/org/junit/platform/junit-platform-suite-engine/1.9.0/junit-platform-suite-engine-1.9.0.jar:/Users/pomares/.m2/repository/org/junit/platform/junit-platform-suite-commons/1.9.0/junit-platform-suite-commons-1.9.0.jar:/Users/pomares/.m2/repository/org/junit/platform/junit-platform-launcher/1.9.0/junit-platform-launcher-1.9.0.jar:/Users/pomares/.m2/repository/org/junit/jupiter/junit-jupiter/5.9.0/junit-jupiter-5.9.0.jar:/Users/pomares/.m2/repository/org/junit/jupiter/junit-jupiter-api/5.9.0/junit-jupiter-api-5.9.0.jar:/Users/pomares/.m2/repository/org/junit/jupiter/junit-jupiter-params/5.9.0/junit-jupiter-params-5.9.0.jar:/Users/pomares/.m2/repository/org/junit/jupiter/junit-jupiter-engine/5.9.0/junit-jupiter-engine-5.9.0.jar:/Users/pomares/.m2/repository/org/seleniumhq/selenium/selenium-chrome-driver/4.6.0/selenium-chrome-driver-4.6.0.jar:/Users/pomares/.m2/repository/com/google/auto/service/auto-service-annotations/1.0.1/auto-service-annotations-1.0.1.jar:/Users/pomares/.m2/repository/com/google/auto/service/auto-service/1.0.1/auto-service-1.0.1.jar:/Users/pomares/.m2/repository/com/google/auto/auto-common/1.2/auto-common-1.2.jar:/Users/pomares/.m2/repository/com/google/guava/guava/31.1-jre/guava-31.1-jre.jar:/Users/pomares/.m2/repository/com/google/guava/failureaccess/1.0.1/failureaccess-1.0.1.jar:/Users/pomares/.m2/repository/com/google/guava/listenablefuture/9999.0-empty-to-avoid-conflict-with-guava/listenablefuture-9999.0-empty-to-avoid-conflict-with-guava.jar:/Users/pomares/.m2/repository/com/google/code/findbugs/jsr305/3.0.2/jsr305-3.0.2.jar:/Users/pomares/.m2/repository/org/checkerframework/checker-qual/3.12.0/checker-qual-3.12.0.jar:/Users/pomares/.m2/repository/com/google/errorprone/error_prone_annotations/2.11.0/error_prone_annotations-2.11.0.jar:/Users/pomares/.m2/repository/com/google/j2objc/j2objc-annotations/1.3/j2objc-annotations-1.3.jar:/Users/pomares/.m2/repository/org/seleniumhq/selenium/selenium-api/4.6.0/selenium-api-4.6.0.jar:/Users/pomares/.m2/repository/org/seleniumhq/selenium/selenium-chromium-driver/4.6.0/selenium-chromium-driver-4.6.0.jar:/Users/pomares/.m2/repository/org/seleniumhq/selenium/selenium-json/4.6.0/selenium-json-4.6.0.jar:/Users/pomares/.m2/repository/org/seleniumhq/selenium/selenium-remote-driver/4.6.0/selenium-remote-driver-4.6.0.jar:/Users/pomares/.m2/repository/com/beust/jcommander/1.82/jcommander-1.82.jar:/Users/pomares/.m2/repository/io/netty/netty-buffer/4.1.84.Final/netty-buffer-4.1.84.Final.jar:/Users/pomares/.m2/repository/io/netty/netty-codec-http/4.1.84.Final/netty-codec-http-4.1.84.Final.jar:/Users/pomares/.m2/repository/io/netty/netty-codec/4.1.84.Final/netty-codec-4.1.84.Final.jar:/Users/pomares/.m2/repository/io/netty/netty-handler/4.1.84.Final/netty-handler-4.1.84.Final.jar:/Users/pomares/.m2/repository/io/netty/netty-common/4.1.84.Final/netty-common-4.1.84.Final.jar:/Users/pomares/.m2/repository/io/netty/netty-transport-classes-epoll/4.1.84.Final/netty-transport-classes-epoll-4.1.84.Final.jar:/Users/pomares/.m2/repository/io/netty/netty-transport-classes-kqueue/4.1.84.Final/netty-transport-classes-kqueue-4.1.84.Final.jar:/Users/pomares/.m2/repository/io/netty/netty-transport-native-epoll/4.1.84.Final/netty-transport-native-epoll-4.1.84.Final.jar:/Users/pomares/.m2/repository/io/netty/netty-transport-native-kqueue/4.1.84.Final/netty-transport-native-kqueue-4.1.84.Final.jar:/Users/pomares/.m2/repository/io/netty/netty-transport-native-unix-common/4.1.84.Final/netty-transport-native-unix-common-4.1.84.Final.jar:/Users/pomares/.m2/repository/io/netty/netty-transport/4.1.84.Final/netty-transport-4.1.84.Final.jar:/Users/pomares/.m2/repository/io/netty/netty-resolver/4.1.84.Final/netty-resolver-4.1.84.Final.jar:/Users/pomares/.m2/repository/io/opentelemetry/opentelemetry-api/1.19.0/opentelemetry-api-1.19.0.jar:/Users/pomares/.m2/repository/io/opentelemetry/opentelemetry-context/1.19.0/opentelemetry-context-1.19.0.jar:/Users/pomares/.m2/repository/io/opentelemetry/opentelemetry-exporter-logging/1.19.0/opentelemetry-exporter-logging-1.19.0.jar:/Users/pomares/.m2/repository/io/opentelemetry/opentelemetry-sdk-metrics/1.19.0/opentelemetry-sdk-metrics-1.19.0.jar:/Users/pomares/.m2/repository/io/opentelemetry/opentelemetry-sdk-logs/1.19.0-alpha/opentelemetry-sdk-logs-1.19.0-alpha.jar:/Users/pomares/.m2/repository/io/opentelemetry/opentelemetry-api-logs/1.19.0-alpha/opentelemetry-api-logs-1.19.0-alpha.jar:/Users/pomares/.m2/repository/io/opentelemetry/opentelemetry-sdk-common/1.19.0/opentelemetry-sdk-common-1.19.0.jar:/Users/pomares/.m2/repository/io/opentelemetry/opentelemetry-sdk-extension-autoconfigure-spi/1.19.0/opentelemetry-sdk-extension-autoconfigure-spi-1.19.0.jar:/Users/pomares/.m2/repository/io/opentelemetry/opentelemetry-sdk-extension-autoconfigure/1.19.0-alpha/opentelemetry-sdk-extension-autoconfigure-1.19.0-alpha.jar:/Users/pomares/.m2/repository/io/opentelemetry/opentelemetry-exporter-common/1.19.0/opentelemetry-exporter-common-1.19.0.jar:/Users/pomares/.m2/repository/io/opentelemetry/opentelemetry-sdk-trace/1.19.0/opentelemetry-sdk-trace-1.19.0.jar:/Users/pomares/.m2/repository/io/opentelemetry/opentelemetry-sdk/1.19.0/opentelemetry-sdk-1.19.0.jar:/Users/pomares/.m2/repository/io/opentelemetry/opentelemetry-semconv/1.19.0-alpha/opentelemetry-semconv-1.19.0-alpha.jar:/Users/pomares/.m2/repository/io/ous/jtoml/2.0.0/jtoml-2.0.0.jar:/Users/pomares/.m2/repository/org/apache/commons/commons-exec/1.3/commons-exec-1.3.jar:/Users/pomares/.m2/repository/org/asynchttpclient/async-http-client/2.12.3/async-http-client-2.12.3.jar:/Users/pomares/.m2/repository/org/asynchttpclient/async-http-client-netty-utils/2.12.3/async-http-client-netty-utils-2.12.3.jar:/Users/pomares/.m2/repository/io/netty/netty-codec-socks/4.1.60.Final/netty-codec-socks-4.1.60.Final.jar:/Users/pomares/.m2/repository/io/netty/netty-handler-proxy/4.1.60.Final/netty-handler-proxy-4.1.60.Final.jar:/Users/pomares/.m2/repository/io/netty/netty-transport-native-epoll/4.1.60.Final/netty-transport-native-epoll-4.1.60.Final-linux-x86_64.jar:/Users/pomares/.m2/repository/io/netty/netty-transport-native-kqueue/4.1.60.Final/netty-transport-native-kqueue-4.1.60.Final-osx-x86_64.jar:/Users/pomares/.m2/repository/org/reactivestreams/reactive-streams/1.0.3/reactive-streams-1.0.3.jar:/Users/pomares/.m2/repository/com/typesafe/netty/netty-reactive-streams/2.0.4/netty-reactive-streams-2.0.4.jar:/Users/pomares/.m2/repository/org/slf4j/slf4j-api/1.7.30/slf4j-api-1.7.30.jar:/Users/pomares/.m2/repository/com/sun/activation/jakarta.activation/1.2.2/jakarta.activation-1.2.2.jar:/Users/pomares/.m2/repository/org/seleniumhq/selenium/selenium-http/4.6.0/selenium-http-4.6.0.jar:/Users/pomares/.m2/repository/dev/failsafe/failsafe/3.3.0/failsafe-3.3.0.jar:/Users/pomares/.m2/repository/org/seleniumhq/selenium/selenium-manager/4.6.0/selenium-manager-4.6.0.jar:/Users/pomares/.m2/repository/org/projectlombok/lombok/1.18.20/lombok-1.18.20.jar:/Users/pomares/.m2/repository/org/seleniumhq/selenium/selenium-support/4.6.0/selenium-support-4.6.0.jar:/Users/pomares/.m2/repository/net/bytebuddy/byte-buddy/1.12.18/byte-buddy-1.12.18.jar:/Users/pomares/.m2/repository/info/cukes/cucumber-core/1.2.5/cucumber-core-1.2.5.jar:/Users/pomares/.m2/repository/info/cukes/cucumber-html/0.2.3/cucumber-html-0.2.3.jar:/Users/pomares/.m2/repository/info/cukes/cucumber-jvm-deps/1.0.5/cucumber-jvm-deps-1.0.5.jar:/Users/pomares/.m2/repository/info/cukes/gherkin/2.12.2/gherkin-2.12.2.jar:"/>
    <property name="java.vm.vendor" value="Oracle Corporation"/>
    <property name="sun.arch.data.model" value="64"/>
    <property name="java.vendor.url" value="https://openjdk.java.net/"/>
    <property name="user.timezone" value="Europe/Madrid"/>
    <property name="java.vm.specification.version" value="11"/>
    <property name="os.name" value="Mac OS X"/>
    <property name="sun.java.launcher" value="SUN_STANDARD"/>
    <property name="user.country" value="ES"/>
    <property name="sun.boot.library.path" value="/Library/Java/JavaVirtualMachines/jdk-11.0.11.jdk/Contents/Home/lib"/>
    <property name="sun.java.command" value="/Users/pomares/Proyectos/cortelliscucumber/target/surefire/surefirebooter-20221127163658309_3.jar /Users/pomares/Proyectos/cortelliscucumber/target/surefire 2022-11-27T16-36-58_040-jvmRun1 surefire-20221127163658309_1tmp surefire_0-20221127163658309_2tmp"/>
    <property name="http.nonProxyHosts" value="local|*.local|169.254/16|*.169.254/16"/>
    <property name="jdk.debug" value="release"/>
    <property name="surefire.test.class.path" value="/Users/pomares/Proyectos/cortelliscucumber/target/test-classes:/Users/pomares/Proyectos/cortelliscucumber/target/classes:/Users/pomares/.m2/repository/io/cucumber/cucumber-java/7.5.0/cucumber-java-7.5.0.jar:/Users/pomares/.m2/repository/io/cucumber/cucumber-core/7.5.0/cucumber-core-7.5.0.jar:/Users/pomares/.m2/repository/io/cucumber/cucumber-gherkin/7.5.0/cucumber-gherkin-7.5.0.jar:/Users/pomares/.m2/repository/io/cucumber/cucumber-gherkin-messages/7.5.0/cucumber-gherkin-messages-7.5.0.jar:/Users/pomares/.m2/repository/io/cucumber/gherkin/23.0.1/gherkin-23.0.1.jar:/Users/pomares/.m2/repository/io/cucumber/messages/18.0.0/messages-18.0.0.jar:/Users/pomares/.m2/repository/io/cucumber/tag-expressions/4.1.0/tag-expressions-4.1.0.jar:/Users/pomares/.m2/repository/io/cucumber/cucumber-expressions/16.0.0/cucumber-expressions-16.0.0.jar:/Users/pomares/.m2/repository/io/cucumber/datatable/7.5.0/datatable-7.5.0.jar:/Users/pomares/.m2/repository/io/cucumber/cucumber-plugin/7.5.0/cucumber-plugin-7.5.0.jar:/Users/pomares/.m2/repository/io/cucumber/docstring/7.5.0/docstring-7.5.0.jar:/Users/pomares/.m2/repository/io/cucumber/html-formatter/19.2.0/html-formatter-19.2.0.jar:/Users/pomares/.m2/repository/io/cucumber/ci-environment/9.1.0/ci-environment-9.1.0.jar:/Users/pomares/.m2/repository/org/apiguardian/apiguardian-api/1.1.2/apiguardian-api-1.1.2.jar:/Users/pomares/.m2/repository/io/cucumber/cucumber-junit-platform-engine/7.5.0/cucumber-junit-platform-engine-7.5.0.jar:/Users/pomares/.m2/repository/org/junit/platform/junit-platform-engine/1.9.0/junit-platform-engine-1.9.0.jar:/Users/pomares/.m2/repository/org/opentest4j/opentest4j/1.2.0/opentest4j-1.2.0.jar:/Users/pomares/.m2/repository/org/junit/platform/junit-platform-commons/1.9.0/junit-platform-commons-1.9.0.jar:/Users/pomares/.m2/repository/org/junit/platform/junit-platform-suite/1.9.0/junit-platform-suite-1.9.0.jar:/Users/pomares/.m2/repository/org/junit/platform/junit-platform-suite-api/1.9.0/junit-platform-suite-api-1.9.0.jar:/Users/pomares/.m2/repository/org/junit/platform/junit-platform-suite-engine/1.9.0/junit-platform-suite-engine-1.9.0.jar:/Users/pomares/.m2/repository/org/junit/platform/junit-platform-suite-commons/1.9.0/junit-platform-suite-commons-1.9.0.jar:/Users/pomares/.m2/repository/org/junit/platform/junit-platform-launcher/1.9.0/junit-platform-launcher-1.9.0.jar:/Users/pomares/.m2/repository/org/junit/jupiter/junit-jupiter/5.9.0/junit-jupiter-5.9.0.jar:/Users/pomares/.m2/repository/org/junit/jupiter/junit-jupiter-api/5.9.0/junit-jupiter-api-5.9.0.jar:/Users/pomares/.m2/repository/org/junit/jupiter/junit-jupiter-params/5.9.0/junit-jupiter-params-5.9.0.jar:/Users/pomares/.m2/repository/org/junit/jupiter/junit-jupiter-engine/5.9.0/junit-jupiter-engine-5.9.0.jar:/Users/pomares/.m2/repository/org/seleniumhq/selenium/selenium-chrome-driver/4.6.0/selenium-chrome-driver-4.6.0.jar:/Users/pomares/.m2/repository/com/google/auto/service/auto-service-annotations/1.0.1/auto-service-annotations-1.0.1.jar:/Users/pomares/.m2/repository/com/google/auto/service/auto-service/1.0.1/auto-service-1.0.1.jar:/Users/pomares/.m2/repository/com/google/auto/auto-common/1.2/auto-common-1.2.jar:/Users/pomares/.m2/repository/com/google/guava/guava/31.1-jre/guava-31.1-jre.jar:/Users/pomares/.m2/repository/com/google/guava/failureaccess/1.0.1/failureaccess-1.0.1.jar:/Users/pomares/.m2/repository/com/google/guava/listenablefuture/9999.0-empty-to-avoid-conflict-with-guava/listenablefuture-9999.0-empty-to-avoid-conflict-with-guava.jar:/Users/pomares/.m2/repository/com/google/code/findbugs/jsr305/3.0.2/jsr305-3.0.2.jar:/Users/pomares/.m2/repository/org/checkerframework/checker-qual/3.12.0/checker-qual-3.12.0.jar:/Users/pomares/.m2/repository/com/google/errorprone/error_prone_annotations/2.11.0/error_prone_annotations-2.11.0.jar:/Users/pomares/.m2/repository/com/google/j2objc/j2objc-annotations/1.3/j2objc-annotations-1.3.jar:/Users/pomares/.m2/repository/org/seleniumhq/selenium/selenium-api/4.6.0/selenium-api-4.6.0.jar:/Users/pomares/.m2/repository/org/seleniumhq/selenium/selenium-chromium-driver/4.6.0/selenium-chromium-driver-4.6.0.jar:/Users/pomares/.m2/repository/org/seleniumhq/selenium/selenium-json/4.6.0/selenium-json-4.6.0.jar:/Users/pomares/.m2/repository/org/seleniumhq/selenium/selenium-remote-driver/4.6.0/selenium-remote-driver-4.6.0.jar:/Users/pomares/.m2/repository/com/beust/jcommander/1.82/jcommander-1.82.jar:/Users/pomares/.m2/repository/io/netty/netty-buffer/4.1.84.Final/netty-buffer-4.1.84.Final.jar:/Users/pomares/.m2/repository/io/netty/netty-codec-http/4.1.84.Final/netty-codec-http-4.1.84.Final.jar:/Users/pomares/.m2/repository/io/netty/netty-codec/4.1.84.Final/netty-codec-4.1.84.Final.jar:/Users/pomares/.m2/repository/io/netty/netty-handler/4.1.84.Final/netty-handler-4.1.84.Final.jar:/Users/pomares/.m2/repository/io/netty/netty-common/4.1.84.Final/netty-common-4.1.84.Final.jar:/Users/pomares/.m2/repository/io/netty/netty-transport-classes-epoll/4.1.84.Final/netty-transport-classes-epoll-4.1.84.Final.jar:/Users/pomares/.m2/repository/io/netty/netty-transport-classes-kqueue/4.1.84.Final/netty-transport-classes-kqueue-4.1.84.Final.jar:/Users/pomares/.m2/repository/io/netty/netty-transport-native-epoll/4.1.84.Final/netty-transport-native-epoll-4.1.84.Final.jar:/Users/pomares/.m2/repository/io/netty/netty-transport-native-kqueue/4.1.84.Final/netty-transport-native-kqueue-4.1.84.Final.jar:/Users/pomares/.m2/repository/io/netty/netty-transport-native-unix-common/4.1.84.Final/netty-transport-native-unix-common-4.1.84.Final.jar:/Users/pomares/.m2/repository/io/netty/netty-transport/4.1.84.Final/netty-transport-4.1.84.Final.jar:/Users/pomares/.m2/repository/io/netty/netty-resolver/4.1.84.Final/netty-resolver-4.1.84.Final.jar:/Users/pomares/.m2/repository/io/opentelemetry/opentelemetry-api/1.19.0/opentelemetry-api-1.19.0.jar:/Users/pomares/.m2/repository/io/opentelemetry/opentelemetry-context/1.19.0/opentelemetry-context-1.19.0.jar:/Users/pomares/.m2/repository/io/opentelemetry/opentelemetry-exporter-logging/1.19.0/opentelemetry-exporter-logging-1.19.0.jar:/Users/pomares/.m2/repository/io/opentelemetry/opentelemetry-sdk-metrics/1.19.0/opentelemetry-sdk-metrics-1.19.0.jar:/Users/pomares/.m2/repository/io/opentelemetry/opentelemetry-sdk-logs/1.19.0-alpha/opentelemetry-sdk-logs-1.19.0-alpha.jar:/Users/pomares/.m2/repository/io/opentelemetry/opentelemetry-api-logs/1.19.0-alpha/opentelemetry-api-logs-1.19.0-alpha.jar:/Users/pomares/.m2/repository/io/opentelemetry/opentelemetry-sdk-common/1.19.0/opentelemetry-sdk-common-1.19.0.jar:/Users/pomares/.m2/repository/io/opentelemetry/opentelemetry-sdk-extension-autoconfigure-spi/1.19.0/opentelemetry-sdk-extension-autoconfigure-spi-1.19.0.jar:/Users/pomares/.m2/repository/io/opentelemetry/opentelemetry-sdk-extension-autoconfigure/1.19.0-alpha/opentelemetry-sdk-extension-autoconfigure-1.19.0-alpha.jar:/Users/pomares/.m2/repository/io/opentelemetry/opentelemetry-exporter-common/1.19.0/opentelemetry-exporter-common-1.19.0.jar:/Users/pomares/.m2/repository/io/opentelemetry/opentelemetry-sdk-trace/1.19.0/opentelemetry-sdk-trace-1.19.0.jar:/Users/pomares/.m2/repository/io/opentelemetry/opentelemetry-sdk/1.19.0/opentelemetry-sdk-1.19.0.jar:/Users/pomares/.m2/repository/io/opentelemetry/opentelemetry-semconv/1.19.0-alpha/opentelemetry-semconv-1.19.0-alpha.jar:/Users/pomares/.m2/repository/io/ous/jtoml/2.0.0/jtoml-2.0.0.jar:/Users/pomares/.m2/repository/org/apache/commons/commons-exec/1.3/commons-exec-1.3.jar:/Users/pomares/.m2/repository/org/asynchttpclient/async-http-client/2.12.3/async-http-client-2.12.3.jar:/Users/pomares/.m2/repository/org/asynchttpclient/async-http-client-netty-utils/2.12.3/async-http-client-netty-utils-2.12.3.jar:/Users/pomares/.m2/repository/io/netty/netty-codec-socks/4.1.60.Final/netty-codec-socks-4.1.60.Final.jar:/Users/pomares/.m2/repository/io/netty/netty-handler-proxy/4.1.60.Final/netty-handler-proxy-4.1.60.Final.jar:/Users/pomares/.m2/repository/io/netty/netty-transport-native-epoll/4.1.60.Final/netty-transport-native-epoll-4.1.60.Final-linux-x86_64.jar:/Users/pomares/.m2/repository/io/netty/netty-transport-native-kqueue/4.1.60.Final/netty-transport-native-kqueue-4.1.60.Final-osx-x86_64.jar:/Users/pomares/.m2/repository/org/reactivestreams/reactive-streams/1.0.3/reactive-streams-1.0.3.jar:/Users/pomares/.m2/repository/com/typesafe/netty/netty-reactive-streams/2.0.4/netty-reactive-streams-2.0.4.jar:/Users/pomares/.m2/repository/org/slf4j/slf4j-api/1.7.30/slf4j-api-1.7.30.jar:/Users/pomares/.m2/repository/com/sun/activation/jakarta.activation/1.2.2/jakarta.activation-1.2.2.jar:/Users/pomares/.m2/repository/org/seleniumhq/selenium/selenium-http/4.6.0/selenium-http-4.6.0.jar:/Users/pomares/.m2/repository/dev/failsafe/failsafe/3.3.0/failsafe-3.3.0.jar:/Users/pomares/.m2/repository/org/seleniumhq/selenium/selenium-manager/4.6.0/selenium-manager-4.6.0.jar:/Users/pomares/.m2/repository/org/projectlombok/lombok/1.18.20/lombok-1.18.20.jar:/Users/pomares/.m2/repository/org/seleniumhq/selenium/selenium-support/4.6.0/selenium-support-4.6.0.jar:/Users/pomares/.m2/repository/net/bytebuddy/byte-buddy/1.12.18/byte-buddy-1.12.18.jar:/Users/pomares/.m2/repository/info/cukes/cucumber-core/1.2.5/cucumber-core-1.2.5.jar:/Users/pomares/.m2/repository/info/cukes/cucumber-html/0.2.3/cucumber-html-0.2.3.jar:/Users/pomares/.m2/repository/info/cukes/cucumber-jvm-deps/1.0.5/cucumber-jvm-deps-1.0.5.jar:/Users/pomares/.m2/repository/info/cukes/gherkin/2.12.2/gherkin-2.12.2.jar:"/>
    <property name="sun.cpu.endian" value="little"/>
    <property name="user.home" value="/Users/pomares"/>
    <property name="user.language" value="en"/>
    <property name="java.specification.vendor" value="Oracle Corporation"/>
    <property name="java.version.date" value="2021-04-20"/>
    <property name="java.home" value="/Library/Java/JavaVirtualMachines/jdk-11.0.11.jdk/Contents/Home"/>
    <property name="file.separator" value="/"/>
    <property name="basedir" value="/Users/pomares/Proyectos/cortelliscucumber"/>
    <property name="java.vm.compressedOopsMode" value="Zero based"/>
    <property name="line.separator" value="&#10;"/>
    <property name="java.specification.name" value="Java Platform API Specification"/>
    <property name="java.vm.specification.vendor" value="Oracle Corporation"/>
    <property name="java.awt.graphicsenv" value="sun.awt.CGraphicsEnvironment"/>
    <property name="surefire.real.class.path" value="/Users/pomares/Proyectos/cortelliscucumber/target/surefire/surefirebooter-20221127163658309_3.jar"/>
    <property name="sun.management.compiler" value="HotSpot 64-Bit Tiered Compilers"/>
    <property name="ftp.nonProxyHosts" value="local|*.local|169.254/16|*.169.254/16"/>
    <property name="java.runtime.version" value="11.0.11+9-LTS-194"/>
    <property name="user.name" value="pomares"/>
    <property name="path.separator" value=":"/>
    <property name="os.version" value="10.15.7"/>
    <property name="java.runtime.name" value="Java(TM) SE Runtime Environment"/>
    <property name="file.encoding" value="UTF-8"/>
    <property name="java.vm.name" value="Java HotSpot(TM) 64-Bit Server VM"/>
    <property name="java.vendor.version" value="18.9"/>
    <property name="localRepository" value="/Users/pomares/.m2/repository"/>
    <property name="java.vendor.url.bug" value="https://bugreport.java.com/bugreport/"/>
    <property name="java.io.tmpdir" value="/var/folders/zc/lbygvm2x6y15x1b9gyn82d780000gn/T/"/>
    <property name="java.version" value="11.0.11"/>
    <property name="user.dir" value="/Users/pomares/Proyectos/cortelliscucumber"/>
    <property name="os.arch" value="x86_64"/>
    <property name="java.vm.specification.name" value="Java Virtual Machine Specification"/>
    <property name="java.awt.printerjob" value="sun.lwawt.macosx.CPrinterJob"/>
    <property name="sun.os.patch.level" value="unknown"/>
    <property name="java.library.path" value="/Users/pomares/Library/Java/Extensions:/Library/Java/Extensions:/Network/Library/Java/Extensions:/System/Library/Java/Extensions:/usr/lib/java:."/>
    <property name="java.vendor" value="Oracle Corporation"/>
    <property name="java.vm.info" value="mixed mode"/>
    <property name="java.vm.version" value="11.0.11+9-LTS-194"/>
    <property name="sun.io.unicode.encoding" value="UnicodeBig"/>
    <property name="java.class.version" value="55.0"/>
    <property name="socksNonProxyHosts" value="local|*.local|169.254/16|*.169.254/16"/>
  </properties>
  <testcase name="Check Cortellis login page URL is the one provided https://access.cortellis.com/login?app=cmc" classname="Cortellis login url is correct" time="16.317">
    <failure message="The URL provided is not the URL reached through the steps ==&gt; expected: &lt;https://access.cortellis.com/login?app=cmc&gt; but was: &lt;https://access.clarivate.com/login?app=cmc&gt;" type="org.opentest4j.AssertionFailedError"><![CDATA[org.opentest4j.AssertionFailedError: The URL provided is not the URL reached through the steps ==> expected: <https://access.cortellis.com/login?app=cmc> but was: <https://access.clarivate.com/login?app=cmc>
	at org.junit.jupiter.api.AssertionFailureBuilder.build(AssertionFailureBuilder.java:151)
	at org.junit.jupiter.api.AssertionFailureBuilder.buildAndThrow(AssertionFailureBuilder.java:132)
	at org.junit.jupiter.api.AssertEquals.failNotEqual(AssertEquals.java:197)
	at org.junit.jupiter.api.AssertEquals.assertEquals(AssertEquals.java:182)
	at org.junit.jupiter.api.Assertions.assertEquals(Assertions.java:1152)
	at cortelliscucumber.CortellisCMCIntelligenceTests.access_to_cortellis_login_page_and_check_the_url(CortellisCMCIntelligenceTests.java:59)
	at ✽.Access to Cortellis login page and check the URL(classpath:cortelliscucumber/cortellis_login_url_is_corect.feature:6)
]]></failure>
    <system-out><![CDATA[
Scenario: Check Cortellis login page URL is the one provided https://access.cortellis.com/login?app=cmc &amp#27;[90m# cortelliscucumber/cortellis_login_url_is_corect.feature:2&amp#27;[0m
  &amp#27;[32mGiven &amp#27;[0m&amp#27;[32mA URL is provided&amp#27;[0m                                                                               &amp#27;[90m# cortelliscucumber.CortellisCMCIntelligenceTests.a_url_is_provided()&amp#27;[0m
  &amp#27;[32mWhen &amp#27;[0m&amp#27;[32mFound Clarivate in a Google search and navigate through Clarivate pages to Cortellis home page&amp#27;[0m   &amp#27;[90m# cortelliscucumber.CortellisCMCIntelligenceTests.found_clarivate_in_a_google_search_and_navigate_through_clarivate_pages_to_cortellis_home_page()&amp#27;[0m
  &amp#27;[31mThen &amp#27;[0m&amp#27;[31mAccess to Cortellis login page and check the URL&amp#27;[0m                                                 &amp#27;[90m# cortelliscucumber.CortellisCMCIntelligenceTests.access_to_cortellis_login_page_and_check_the_url()&amp#27;[0m
      &amp#27;[31morg.opentest4j.AssertionFailedError: The URL provided is not the URL reached through the steps ==> expected: <https://access.cortellis.com/login?app=cmc> but was: <https://access.clarivate.com/login?app=cmc>
	at org.junit.jupiter.api.AssertionFailureBuilder.build(AssertionFailureBuilder.java:151)
	at org.junit.jupiter.api.AssertionFailureBuilder.buildAndThrow(AssertionFailureBuilder.java:132)
	at org.junit.jupiter.api.AssertEquals.failNotEqual(AssertEquals.java:197)
	at org.junit.jupiter.api.AssertEquals.assertEquals(AssertEquals.java:182)
	at org.junit.jupiter.api.Assertions.assertEquals(Assertions.java:1152)
	at cortelliscucumber.CortellisCMCIntelligenceTests.access_to_cortellis_login_page_and_check_the_url(CortellisCMCIntelligenceTests.java:59)
	at ✽.Access to Cortellis login page and check the URL(classpath:cortelliscucumber/cortellis_login_url_is_corect.feature:6)
&amp#27;[0m
]]></system-out>
    <system-err><![CDATA[SLF4J: Failed to load class "org.slf4j.impl.StaticLoggerBinder".
SLF4J: Defaulting to no-operation (NOP) logger implementation
SLF4J: See http://www.slf4j.org/codes.html#StaticLoggerBinder for further details.
Starting ChromeDriver 107.0.5304.62 (1eec40d3a5764881c92085aaee66d25075c159aa-refs/branch-heads/5304@{#[9146629}5)63 4on19 p.6or87t] 2[W31A1RN4I
NOGn]: lFryo mlSoockAdcdra fali lecd oon nnetnmeasckt
ions are allowed.
Please see https://chromedriver.chromium.org/security-considerations for suggestions on keeping ChromeDriver safe.
ChromeDriver was started successfully.
Nov 27, 2022 4:37:02 PM org.openqa.selenium.devtools.CdpVersionFinder findNearestMatch
WARNING: Unable to find CDP implementation matching 107
Nov 27, 2022 4:37:02 PM org.openqa.selenium.chromium.ChromiumDriver lambda$new$3
WARNING: Unable to find version of CDP to use for . You may need to include a dependency on a specific version of the CDP using something similar to `org.seleniumhq.selenium:selenium-devtools-v86:4.6.0` where the version ("v86") matches the version of the chromium-based browser you're using and the version number of the artifact is the same as Selenium's.
]]></system-err>
  </testcase>
</testsuite>